warning: `/home/jfeng/.cargo/config` is deprecated in favor of `config.toml`
  |
  = help: if you need to support cargo 1.38 or earlier, you can symlink `config` to `config.toml`
warning: `/home/jfeng/.cargo/config` is deprecated in favor of `config.toml`
  |
  = help: if you need to support cargo 1.38 or earlier, you can symlink `config` to `config.toml`
src/version_etc.rs:26:26: warning: bound is defined in more than one place
src/c_ctype.rs:1:12: warning: struct `CCtype` is never constructed
src/c_ctype.rs:5:12: warning: multiple associated functions are never used
src/same_inode.rs:29:12: warning: associated function `from_dev_ino` is never used
src/c32isprint.rs:1:12: warning: struct `C32Isprint` is never constructed
src/c32isprint.rs:4:12: warning: associated function `is_print` is never used
src/c_strcasecmp.rs:10:12: warning: struct `CStrcasecmp` is never constructed
src/c_strcasecmp.rs:19:12: warning: associated functions `compare`, `compare_bytes`, and `lower_byte` are never used
src/close_stream.rs:3:12: warning: struct `CloseStream` is never constructed
src/close_stream.rs:6:12: warning: associated function `close` is never used
src/closeout.rs:18:12: warning: associated function `close_stdout_set_file_name` is never used
src/exitfail.rs:1:12: warning: struct `Exitfail` is never constructed
src/exitfail.rs:4:18: warning: associated function `value` is never used
src/fclose.rs:15:12: warning: struct `Fclose` is never constructed
src/fclose.rs:25:12: warning: associated functions `nothrow` and `rpl_fclose` are never used
src/fflush.rs:3:12: warning: struct `Fflush` is never constructed
src/fflush.rs:6:12: warning: struct `SeekOptimizationState` is never constructed
src/fflush.rs:11:11: warning: trait `FlushStream` is never used
src/fflush.rs:68:12: warning: multiple associated functions are never used
src/fseeko.rs:3:12: warning: struct `Fseeko` is never constructed
src/fseeko.rs:6:12: warning: associated function `seek` is never used
src/hard_locale.rs:8:12: warning: struct `HardLocale` is never constructed
src/hard_locale.rs:17:12: warning: associated functions `is_hard`, `current_locale_name`, `nonempty_env`, and `normalize_locale_name` are never used
src/ialloc.rs:1:12: warning: struct `Ialloc` is never constructed
src/ialloc.rs:4:12: warning: multiple associated functions are never used
src/localcharset.rs:3:12: warning: struct `Localcharset` is never constructed
src/localcharset.rs:6:12: warning: struct `TableEntry` is never constructed
src/localcharset.rs:12:12: warning: multiple associated functions are never used
src/mbrtoc32.rs:2:12: warning: struct `Mbrtoc32` is never constructed
src/mbrtoc32.rs:7:10: warning: enum `Mbrtoc32Status` is never used
src/mbrtoc32.rs:21:12: warning: associated functions `mbrtoc_32` and `run_10` are never used
src/mbrtoc32.rs:93:6: warning: enum `DecodeOne` is never used
src/mbrtoc32.rs:99:4: warning: function `decode_one_utf8` is never used
src/mbszero.rs:2:12: warning: struct `Mbszero` is never constructed
src/mbszero.rs:7:12: warning: associated items `new`, `reset`, and `is_initial` are never used
src/propername_lite.rs:11:12: warning: struct `PropernameLite` is never constructed
src/propername_lite.rs:24:12: warning: associated function `choose` is never used
src/quotearg.rs:4:7: warning: constant `QA_ELIDE_NULL_BYTES` is never used
src/quotearg.rs:5:7: warning: constant `QA_ELIDE_OUTER_QUOTES` is never used
src/quotearg.rs:6:7: warning: constant `QA_SPLIT_TRIGRAPHS` is never used
src/quotearg.rs:8:7: warning: constant `INT_BITS` is never used
src/quotearg.rs:9:7: warning: constant `QUOTE_BITMAP_WORDS` is never used
src/quotearg.rs:12:10: warning: enum `QuotingStyle` is never used
src/quotearg.rs:27:12: warning: struct `QuotingOptions` is never constructed
src/quotearg.rs:48:8: warning: struct `SlotState` is never constructed
src/quotearg.rs:59:4: warning: function `quote_bit_enabled` is never used
src/quotearg.rs:65:4: warning: function `set_quote_bit` is never used
src/quotearg.rs:78:4: warning: function `ascii_printable` is never used
src/quotearg.rs:82:4: warning: function `escape_octal` is never used
src/quotearg.rs:89:4: warning: function `escape_c` is never used
src/quotearg.rs:107:4: warning: function `shell_needs_quotes` is never used
src/quotearg.rs:132:4: warning: function `shell_single_quote` is never used
src/quotearg.rs:148:4: warning: function `shell_escape_style` is never used
src/quotearg.rs:189:4: warning: function `quote_pair_for_style` is never used
src/quotearg.rs:210:4: warning: function `quote_bytes` is never used
src/quotearg.rs:288:12: warning: struct `Quotearg` is never constructed
src/quotearg.rs:293:12: warning: multiple associated items are never used
src/root_dev_ino.rs:7:12: warning: struct `RootDevIno` is never constructed
src/root_dev_ino.rs:11:12: warning: associated function `get` is never used
src/setlocale_null.rs:3:12: warning: struct `SetlocaleNull` is never constructed
src/setlocale_null.rs:6:6: warning: enum `QueryError` is never used
src/setlocale_null.rs:12:12: warning: multiple associated functions are never used
src/setlocale_null_unlocked.rs:1:12: warning: struct `SetlocaleNullUnlocked` is never constructed
src/setlocale_null_unlocked.rs:4:12: warning: associated function `query` is never used
src/version.rs:1:12: warning: struct `Version` is never constructed
src/version.rs:4:15: warning: associated items `CURRENT` and `current` are never used
src/version_etc.rs:3:12: warning: struct `VersionEtc` is never constructed
src/version_etc.rs:6:12: warning: associated functions `emit`, `emit_from_array`, `emit_variadic`, `emit_with_count`, and `emit_bug_reporting_address` are never used
src/version_etc_fsf.rs:5:12: warning: struct `VersionEtcFsf` is never constructed
src/version_etc_fsf.rs:8:12: warning: associated functions `emit`, `emit_from_array`, `emit_variadic`, and `emit_bug_reporting_address` are never used
src/xmalloc.rs:7:12: warning: multiple associated functions are never used
src/mbrtoc32.rs:14:1: warning: this `impl` can be derived
src/pwd.rs:286:9: warning: returning the result of a `let` binding from a block
src/quotearg.rs:233:67: warning: this `if` has identical blocks
src/setlocale_null.rs:24:26: warning: redundant guard
src/version_etc.rs:60:9: warning: using `write!()` with a format string that ends in a single newline
src/xmalloc.rs:136:12: warning: manual saturating arithmetic: help: consider using `saturating_sub`: `n.saturating_sub(baseline)`
warning: `pwd-rust` (bin "pwd-rust") generated 77 warnings (run `cargo clippy --fix --bin "pwd-rust" -p pwd-rust -- ` to apply 4 suggestions)
warning: `pwd-rust` (bin "pwd-rust" test) generated 77 warnings (77 duplicates)
    Finished `dev` profile [unoptimized + debuginfo] target(s) in 0.02s
