warning: `/home/jfeng/.cargo/config` is deprecated in favor of `config.toml`
  |
  = help: if you need to support cargo 1.38 or earlier, you can symlink `config` to `config.toml`
warning: `/home/jfeng/.cargo/config` is deprecated in favor of `config.toml`
  |
  = help: if you need to support cargo 1.38 or earlier, you can symlink `config` to `config.toml`
    Checking which-rust v0.1.0 (/data1/jfeng/tcode_win/output/res1/which/which-rust)
src/which.rs:375:25: warning: value assigned to `next` is never read
src/bash.rs:63:12: warning: method `user_info` is never used
src/getopt.rs:4:12: warning: struct `Getopt` is never constructed
src/getopt.rs:18:12: warning: methods `store_args_and_env`, `exchange`, `internal`, `getopt`, `main`, and `attribute` are never used
src/getopt1.rs:5:12: warning: struct `Getopt1` is never constructed
src/getopt1.rs:10:12: warning: methods `getopt_long`, `getopt_long_only`, and `main` are never used
src/tilde.rs:1:12: warning: struct `Tilde` is never constructed
src/tilde.rs:16:12: warning: associated items `find_prefix`, `find_suffix`, and `memory_error_and_abort` are never used
src/which.rs:66:12: warning: associated functions `function_st`, `alloc_buffer`, and `resize_buffer` are never used
src/bash.rs:16:1: warning: this `impl` can be derived
src/tilde.rs:6:1: warning: this `impl` can be derived
src/which.rs:603:16: error: this boolean expression contains a logic bug: help: it would look like the following: `!found_something && !self.path_search(false, &cmd, &path_list)`
warning: `which-rust` (bin "which-rust") generated 11 warnings
error: could not compile `which-rust` (bin "which-rust") due to 1 previous error; 11 warnings emitted
warning: build failed, waiting for other jobs to finish...
warning: `which-rust` (bin "which-rust" test) generated 11 warnings (11 duplicates)
error: could not compile `which-rust` (bin "which-rust" test) due to 1 previous error; 11 warnings emitted
